2024-12-29 17:01:25,489 DEBUG Horse: Создание Horse, имя [Bucephalus], скорость [2.4]
2024-12-29 17:01:25,499 DEBUG Horse: Создание Horse, имя [Ace of Spades], скорость [2.5]
2024-12-29 17:01:25,499 DEBUG Horse: Создание Horse, имя [Zephyr], скорость [2.6]
2024-12-29 17:01:25,499 DEBUG Horse: Создание Horse, имя [Blaze], скорость [2.7]
2024-12-29 17:01:25,500 DEBUG Horse: Создание Horse, имя [Lobster], скорость [2.8]
2024-12-29 17:01:25,500 DEBUG Horse: Создание Horse, имя [Pegasus], скорость [2.9]
2024-12-29 17:01:25,500 DEBUG Horse: Создание Horse, имя [Cherry], скорость [3.0]
2024-12-29 17:01:25,508 DEBUG Hippodrome: Создание Hippodrome, лошадей [7]
2024-12-29 17:01:25,508 INFO  Main: Начало скачек. Количество участников: 7
2024-12-29 17:01:45,835 INFO  Main: Окончание скачек. Победитель: Pegasus
2024-12-29 17:07:12,895 DEBUG Horse: Создание Horse, имя [Bucephalus], скорость [2.4]
2024-12-29 17:07:12,898 DEBUG Horse: Создание Horse, имя [Ace of Spades], скорость [2.5]
2024-12-29 17:07:12,899 DEBUG Horse: Создание Horse, имя [Zephyr], скорость [2.6]
2024-12-29 17:07:12,899 DEBUG Horse: Создание Horse, имя [Blaze], скорость [2.7]
2024-12-29 17:07:12,899 DEBUG Horse: Создание Horse, имя [Lobster], скорость [2.8]
2024-12-29 17:07:12,899 DEBUG Horse: Создание Horse, имя [Pegasus], скорость [2.9]
2024-12-29 17:07:12,899 DEBUG Horse: Создание Horse, имя [Cherry], скорость [3.0]
2024-12-29 17:07:12,900 DEBUG Hippodrome: Создание Hippodrome, лошадей [7]
2024-12-29 17:07:12,900 INFO  Main: Начало скачек. Количество участников: 7
2024-12-29 17:07:33,169 INFO  Main: Окончание скачек. Победитель: Cherry
